<?xml version="1.0" encoding="UTF-8"?>
<coverage generated="1683723749106" clover="3.2.0">
  <project timestamp="1683723749106" name="All files">
    <metrics statements="22" coveredstatements="13" conditionals="10" coveredconditionals="2" methods="9" coveredmethods="4" elements="41" coveredelements="19" complexity="0" loc="22" ncloc="22" packages="1" files="2" classes="2"/>
    <file name="Taskslist.js" path="/home/gakii/To-Do-List/src/modules/Taskslist.js">
      <metrics statements="19" coveredstatements="10" conditionals="8" coveredconditionals="2" methods="8" coveredmethods="3"/>
      <line num="5" count="1" type="stmt"/>
      <line num="9" count="1" type="stmt"/>
      <line num="10" count="1" type="stmt"/>
      <line num="11" count="1" type="stmt"/>
      <line num="12" count="1" type="stmt"/>
      <line num="20" count="0" type="cond" truecount="0" falsecount="4"/>
      <line num="21" count="0" type="stmt"/>
      <line num="22" count="0" type="stmt"/>
      <line num="23" count="0" type="stmt"/>
      <line num="24" count="0" type="stmt"/>
      <line num="30" count="1" type="cond" truecount="1" falsecount="1"/>
      <line num="31" count="1" type="stmt"/>
      <line num="32" count="1" type="stmt"/>
      <line num="33" count="1" type="stmt"/>
      <line num="34" count="0" type="stmt"/>
      <line num="35" count="0" type="stmt"/>
      <line num="37" count="1" type="stmt"/>
      <line num="42" count="0" type="stmt"/>
      <line num="46" count="0" type="stmt"/>
    </file>
    <file name="tasks.js" path="/home/gakii/To-Do-List/src/modules/tasks.js">
      <metrics statements="3" coveredstatements="3" conditionals="2" coveredconditionals="0" methods="1" coveredmethods="1"/>
      <line num="3" count="1" type="stmt"/>
      <line num="4" count="1" type="stmt"/>
      <line num="5" count="1" type="stmt"/>
    </file>
  </project>
</coverage>
